
lab3.elf:     file format elf32-littlearm

Sections:
Idx Name          Size      VMA       LMA       File off  Algn
  0 .text         00000514  0c100000  0c100000  00008000  2**2
                  CONTENTS, ALLOC, LOAD, READONLY, CODE
  1 .rodata       00000010  0c100514  0c100514  00008514  2**2
                  CONTENTS, ALLOC, LOAD, READONLY, DATA
  2 .bss          00000001  0c100524  0c100524  00008524  2**0
                  ALLOC
  3 .debug_abbrev 00000213  00000000  00000000  00008524  2**0
                  CONTENTS, READONLY, DEBUGGING
  4 .debug_info   00000390  00000000  00000000  00008737  2**0
                  CONTENTS, READONLY, DEBUGGING
  5 .debug_line   000002fc  00000000  00000000  00008ac7  2**0
                  CONTENTS, READONLY, DEBUGGING
  6 .debug_macinfo 0000f6de  00000000  00000000  00008dc3  2**0
                  CONTENTS, READONLY, DEBUGGING
  7 .debug_loc    0000023c  00000000  00000000  000184a1  2**0
                  CONTENTS, READONLY, DEBUGGING
  8 .debug_pubnames 000000f1  00000000  00000000  000186dd  2**0
                  CONTENTS, READONLY, DEBUGGING
  9 .debug_pubtypes 00000087  00000000  00000000  000187ce  2**0
                  CONTENTS, READONLY, DEBUGGING
 10 .debug_aranges 00000080  00000000  00000000  00018855  2**0
                  CONTENTS, READONLY, DEBUGGING
 11 .debug_str    00000159  00000000  00000000  000188d5  2**0
                  CONTENTS, READONLY, DEBUGGING
 12 .comment      0000002a  00000000  00000000  00018a2e  2**0
                  CONTENTS, READONLY
 13 .ARM.attributes 00000032  00000000  00000000  00018a58  2**0
                  CONTENTS, READONLY
 14 .debug_frame  000001e0  00000000  00000000  00018a8c  2**2
                  CONTENTS, READONLY, DEBUGGING

Disassembly of section .text:

0c100000 <main>:
#include "leds.h"

void one_second_loop( void );

void main( void )
{
 c100000:	e1a0c00d 	mov	ip, sp
 c100004:	e92dd800 	push	{fp, ip, lr, pc}
 c100008:	e24cb004 	sub	fp, ip, #4
 c10000c:	e24dd008 	sub	sp, sp, #8
    uint8 i;
    
    sys_init();
 c100010:	eb000138 	bl	c1004f8 <sys_init>
    segs_init();
 c100014:	eb0000a0 	bl	c10029c <segs_init>
    leds_init();
 c100018:	eb000046 	bl	c100138 <leds_init>
    while( 1 ) 
    {

        /************************************/

        led_on( RIGHT_LED );
 c10001c:	e3a00002 	mov	r0, #2
 c100020:	eb000054 	bl	c100178 <led_on>
        segs_putchar( led_status( RIGHT_LED ) );
 c100024:	e3a00002 	mov	r0, #2
 c100028:	eb000086 	bl	c100248 <led_status>
 c10002c:	e1a03000 	mov	r3, r0
 c100030:	e1a00003 	mov	r0, r3
 c100034:	eb0000ad 	bl	c1002f0 <segs_putchar>
        one_second_loop();
 c100038:	eb00002d 	bl	c1000f4 <one_second_loop>
        led_off( RIGHT_LED );
 c10003c:	e3a00002 	mov	r0, #2
 c100040:	eb00005e 	bl	c1001c0 <led_off>
        segs_putchar( led_status( RIGHT_LED ) );
 c100044:	e3a00002 	mov	r0, #2
 c100048:	eb00007e 	bl	c100248 <led_status>
 c10004c:	e1a03000 	mov	r3, r0
 c100050:	e1a00003 	mov	r0, r3
 c100054:	eb0000a5 	bl	c1002f0 <segs_putchar>
        one_second_loop();
 c100058:	eb000025 	bl	c1000f4 <one_second_loop>
        led_on( LEFT_LED );
 c10005c:	e3a00001 	mov	r0, #1
 c100060:	eb000044 	bl	c100178 <led_on>
        segs_putchar( led_status( LEFT_LED ) );
 c100064:	e3a00001 	mov	r0, #1
 c100068:	eb000076 	bl	c100248 <led_status>
 c10006c:	e1a03000 	mov	r3, r0
 c100070:	e1a00003 	mov	r0, r3
 c100074:	eb00009d 	bl	c1002f0 <segs_putchar>
        one_second_loop();
 c100078:	eb00001d 	bl	c1000f4 <one_second_loop>
        led_off( LEFT_LED );
 c10007c:	e3a00001 	mov	r0, #1
 c100080:	eb00004e 	bl	c1001c0 <led_off>
        segs_putchar( led_status( LEFT_LED ) );
 c100084:	e3a00001 	mov	r0, #1
 c100088:	eb00006e 	bl	c100248 <led_status>
 c10008c:	e1a03000 	mov	r3, r0
 c100090:	e1a00003 	mov	r0, r3
 c100094:	eb000095 	bl	c1002f0 <segs_putchar>
        one_second_loop();
 c100098:	eb000015 	bl	c1000f4 <one_second_loop>

        /************************************/

        for( i=0; i<16; i++ )
 c10009c:	e3a03000 	mov	r3, #0
 c1000a0:	e54b300d 	strb	r3, [fp, #-13]
 c1000a4:	ea00000a 	b	c1000d4 <main+0xd4>
        {
            led_toggle( RIGHT_LED );
 c1000a8:	e3a00002 	mov	r0, #2
 c1000ac:	eb000054 	bl	c100204 <led_toggle>
            led_toggle( LEFT_LED );
 c1000b0:	e3a00001 	mov	r0, #1
 c1000b4:	eb000052 	bl	c100204 <led_toggle>
            segs_putchar( i );
 c1000b8:	e55b300d 	ldrb	r3, [fp, #-13]
 c1000bc:	e1a00003 	mov	r0, r3
 c1000c0:	eb00008a 	bl	c1002f0 <segs_putchar>
            one_second_loop();
 c1000c4:	eb00000a 	bl	c1000f4 <one_second_loop>
        segs_putchar( led_status( LEFT_LED ) );
        one_second_loop();

        /************************************/

        for( i=0; i<16; i++ )
 c1000c8:	e55b300d 	ldrb	r3, [fp, #-13]
 c1000cc:	e2833001 	add	r3, r3, #1
 c1000d0:	e54b300d 	strb	r3, [fp, #-13]
 c1000d4:	e55b300d 	ldrb	r3, [fp, #-13]
 c1000d8:	e353000f 	cmp	r3, #15
 c1000dc:	9afffff1 	bls	c1000a8 <main+0xa8>
            led_toggle( RIGHT_LED );
            led_toggle( LEFT_LED );
            segs_putchar( i );
            one_second_loop();
        }
        led_off( RIGHT_LED );
 c1000e0:	e3a00002 	mov	r0, #2
 c1000e4:	eb000035 	bl	c1001c0 <led_off>
        led_off( LEFT_LED );
 c1000e8:	e3a00001 	mov	r0, #1
 c1000ec:	eb000033 	bl	c1001c0 <led_off>

        /************************************/

    }
 c1000f0:	eaffffc9 	b	c10001c <main+0x1c>

0c1000f4 <one_second_loop>:
}

void one_second_loop( void )
{
 c1000f4:	e1a0c00d 	mov	ip, sp
 c1000f8:	e92dd800 	push	{fp, ip, lr, pc}
 c1000fc:	e24cb004 	sub	fp, ip, #4
 c100100:	e24dd008 	sub	sp, sp, #8
    uint32 i;

    for( i=591436; i; i-- );
 c100104:	e59f3028 	ldr	r3, [pc, #40]	; c100134 <one_second_loop+0x40>
 c100108:	e50b3010 	str	r3, [fp, #-16]
 c10010c:	ea000002 	b	c10011c <one_second_loop+0x28>
 c100110:	e51b3010 	ldr	r3, [fp, #-16]
 c100114:	e2433001 	sub	r3, r3, #1
 c100118:	e50b3010 	str	r3, [fp, #-16]
 c10011c:	e51b3010 	ldr	r3, [fp, #-16]
 c100120:	e3530000 	cmp	r3, #0
 c100124:	1afffff9 	bne	c100110 <one_second_loop+0x1c>
} 
 c100128:	e24bd00c 	sub	sp, fp, #12
 c10012c:	e89d6800 	ldm	sp, {fp, sp, lr}
 c100130:	e12fff1e 	bx	lr
 c100134:	0009064c 	.word	0x0009064c

0c100138 <leds_init>:

#include <s3c44b0x.h>
#include "leds.h"

void leds_init( void )
{
 c100138:	e1a0c00d 	mov	ip, sp
 c10013c:	e92dd800 	push	{fp, ip, lr, pc}
 c100140:	e24cb004 	sub	fp, ip, #4
	PCONB &= ~((1<<10)|(1<<9));  // PB[10] = out, PF[9] = out
 c100144:	e59f3028 	ldr	r3, [pc, #40]	; c100174 <leds_init+0x3c>
 c100148:	e59f2024 	ldr	r2, [pc, #36]	; c100174 <leds_init+0x3c>
 c10014c:	e5922000 	ldr	r2, [r2]
 c100150:	e3c22c06 	bic	r2, r2, #1536	; 0x600
 c100154:	e5832000 	str	r2, [r3]
	led_off(LEFT_LED);
 c100158:	e3a00001 	mov	r0, #1
 c10015c:	eb000017 	bl	c1001c0 <led_off>
	led_off(RIGHT_LED);
 c100160:	e3a00002 	mov	r0, #2
 c100164:	eb000015 	bl	c1001c0 <led_off>
}
 c100168:	e24bd00c 	sub	sp, fp, #12
 c10016c:	e89d6800 	ldm	sp, {fp, sp, lr}
 c100170:	e12fff1e 	bx	lr
 c100174:	01d20008 	.word	0x01d20008

0c100178 <led_on>:

void led_on( uint8 led )
{
 c100178:	e1a0c00d 	mov	ip, sp
 c10017c:	e92dd800 	push	{fp, ip, lr, pc}
 c100180:	e24cb004 	sub	fp, ip, #4
 c100184:	e24dd008 	sub	sp, sp, #8
 c100188:	e1a03000 	mov	r3, r0
 c10018c:	e54b300d 	strb	r3, [fp, #-13]
    PCONB &= ~(led << 9);
 c100190:	e59f3024 	ldr	r3, [pc, #36]	; c1001bc <led_on+0x44>
 c100194:	e59f2020 	ldr	r2, [pc, #32]	; c1001bc <led_on+0x44>
 c100198:	e5921000 	ldr	r1, [r2]
 c10019c:	e55b200d 	ldrb	r2, [fp, #-13]
 c1001a0:	e1a02482 	lsl	r2, r2, #9
 c1001a4:	e1e02002 	mvn	r2, r2
 c1001a8:	e0012002 	and	r2, r1, r2
 c1001ac:	e5832000 	str	r2, [r3]
}
 c1001b0:	e24bd00c 	sub	sp, fp, #12
 c1001b4:	e89d6800 	ldm	sp, {fp, sp, lr}
 c1001b8:	e12fff1e 	bx	lr
 c1001bc:	01d20008 	.word	0x01d20008

0c1001c0 <led_off>:

void led_off( uint8 led )
{
 c1001c0:	e1a0c00d 	mov	ip, sp
 c1001c4:	e92dd800 	push	{fp, ip, lr, pc}
 c1001c8:	e24cb004 	sub	fp, ip, #4
 c1001cc:	e24dd008 	sub	sp, sp, #8
 c1001d0:	e1a03000 	mov	r3, r0
 c1001d4:	e54b300d 	strb	r3, [fp, #-13]
	PCONB |= (led << 9);
 c1001d8:	e59f3020 	ldr	r3, [pc, #32]	; c100200 <led_off+0x40>
 c1001dc:	e59f201c 	ldr	r2, [pc, #28]	; c100200 <led_off+0x40>
 c1001e0:	e5921000 	ldr	r1, [r2]
 c1001e4:	e55b200d 	ldrb	r2, [fp, #-13]
 c1001e8:	e1a02482 	lsl	r2, r2, #9
 c1001ec:	e1812002 	orr	r2, r1, r2
 c1001f0:	e5832000 	str	r2, [r3]
}
 c1001f4:	e24bd00c 	sub	sp, fp, #12
 c1001f8:	e89d6800 	ldm	sp, {fp, sp, lr}
 c1001fc:	e12fff1e 	bx	lr
 c100200:	01d20008 	.word	0x01d20008

0c100204 <led_toggle>:

void led_toggle( uint8 led )
{
 c100204:	e1a0c00d 	mov	ip, sp
 c100208:	e92dd800 	push	{fp, ip, lr, pc}
 c10020c:	e24cb004 	sub	fp, ip, #4
 c100210:	e24dd008 	sub	sp, sp, #8
 c100214:	e1a03000 	mov	r3, r0
 c100218:	e54b300d 	strb	r3, [fp, #-13]
	PCONB ^= (led << 9);
 c10021c:	e59f3020 	ldr	r3, [pc, #32]	; c100244 <led_toggle+0x40>
 c100220:	e59f201c 	ldr	r2, [pc, #28]	; c100244 <led_toggle+0x40>
 c100224:	e5921000 	ldr	r1, [r2]
 c100228:	e55b200d 	ldrb	r2, [fp, #-13]
 c10022c:	e1a02482 	lsl	r2, r2, #9
 c100230:	e0212002 	eor	r2, r1, r2
 c100234:	e5832000 	str	r2, [r3]
}
 c100238:	e24bd00c 	sub	sp, fp, #12
 c10023c:	e89d6800 	ldm	sp, {fp, sp, lr}
 c100240:	e12fff1e 	bx	lr
 c100244:	01d20008 	.word	0x01d20008

0c100248 <led_status>:

uint8 led_status( uint8 led )
{
 c100248:	e1a0c00d 	mov	ip, sp
 c10024c:	e92dd800 	push	{fp, ip, lr, pc}
 c100250:	e24cb004 	sub	fp, ip, #4
 c100254:	e24dd008 	sub	sp, sp, #8
 c100258:	e1a03000 	mov	r3, r0
 c10025c:	e54b300d 	strb	r3, [fp, #-13]
	if(PDATB& led<<9){
 c100260:	e59f3030 	ldr	r3, [pc, #48]	; c100298 <led_status+0x50>
 c100264:	e5932000 	ldr	r2, [r3]
 c100268:	e55b300d 	ldrb	r3, [fp, #-13]
 c10026c:	e1a03483 	lsl	r3, r3, #9
 c100270:	e0023003 	and	r3, r2, r3
 c100274:	e3530000 	cmp	r3, #0
 c100278:	0a000001 	beq	c100284 <led_status+0x3c>
			return 0;
 c10027c:	e3a03000 	mov	r3, #0
 c100280:	ea000000 	b	c100288 <led_status+0x40>
		}
		else return 1;
 c100284:	e3a03001 	mov	r3, #1
}
 c100288:	e1a00003 	mov	r0, r3
 c10028c:	e24bd00c 	sub	sp, fp, #12
 c100290:	e89d6800 	ldm	sp, {fp, sp, lr}
 c100294:	e12fff1e 	bx	lr
 c100298:	01d2000c 	.word	0x01d2000c

0c10029c <segs_init>:
static const uint8 hex2segs[16] = {0x12, 0x9f, 0x31,0x15,0x9c,0x54,0x50,0x1f,0x10,0x1c,0x18,0xd0,0x72,0x91,0x70,0x78};

static uint8 state;

void segs_init( void )
{
 c10029c:	e1a0c00d 	mov	ip, sp
 c1002a0:	e92dd800 	push	{fp, ip, lr, pc}
 c1002a4:	e24cb004 	sub	fp, ip, #4
    segs_off();
 c1002a8:	eb000002 	bl	c1002b8 <segs_off>
}
 c1002ac:	e24bd00c 	sub	sp, fp, #12
 c1002b0:	e89d6800 	ldm	sp, {fp, sp, lr}
 c1002b4:	e12fff1e 	bx	lr

0c1002b8 <segs_off>:

void segs_off( void )
{
 c1002b8:	e1a0c00d 	mov	ip, sp
 c1002bc:	e92dd800 	push	{fp, ip, lr, pc}
 c1002c0:	e24cb004 	sub	fp, ip, #4
    state = SEGS_OFF;
 c1002c4:	e59f3020 	ldr	r3, [pc, #32]	; c1002ec <segs_off+0x34>
 c1002c8:	e3e02000 	mvn	r2, #0
 c1002cc:	e5c32000 	strb	r2, [r3]
    SEGS = state;
 c1002d0:	e3a03785 	mov	r3, #34865152	; 0x2140000
 c1002d4:	e59f2010 	ldr	r2, [pc, #16]	; c1002ec <segs_off+0x34>
 c1002d8:	e5d22000 	ldrb	r2, [r2]
 c1002dc:	e5c32000 	strb	r2, [r3]
}
 c1002e0:	e24bd00c 	sub	sp, fp, #12
 c1002e4:	e89d6800 	ldm	sp, {fp, sp, lr}
 c1002e8:	e12fff1e 	bx	lr
 c1002ec:	0c100524 	.word	0x0c100524

0c1002f0 <segs_putchar>:

void segs_putchar( uint8 n )
{
 c1002f0:	e1a0c00d 	mov	ip, sp
 c1002f4:	e92dd800 	push	{fp, ip, lr, pc}
 c1002f8:	e24cb004 	sub	fp, ip, #4
 c1002fc:	e24dd008 	sub	sp, sp, #8
 c100300:	e1a03000 	mov	r3, r0
 c100304:	e54b300d 	strb	r3, [fp, #-13]
    state = n & 0x0f;
 c100308:	e55b300d 	ldrb	r3, [fp, #-13]
 c10030c:	e203300f 	and	r3, r3, #15
 c100310:	e20320ff 	and	r2, r3, #255	; 0xff
 c100314:	e59f3024 	ldr	r3, [pc, #36]	; c100340 <segs_putchar+0x50>
 c100318:	e5c32000 	strb	r2, [r3]
    SEGS = hex2segs[state];
 c10031c:	e3a03785 	mov	r3, #34865152	; 0x2140000
 c100320:	e59f2018 	ldr	r2, [pc, #24]	; c100340 <segs_putchar+0x50>
 c100324:	e5d22000 	ldrb	r2, [r2]
 c100328:	e59f1014 	ldr	r1, [pc, #20]	; c100344 <segs_putchar+0x54>
 c10032c:	e7d12002 	ldrb	r2, [r1, r2]
 c100330:	e5c32000 	strb	r2, [r3]
};
 c100334:	e24bd00c 	sub	sp, fp, #12
 c100338:	e89d6800 	ldm	sp, {fp, sp, lr}
 c10033c:	e12fff1e 	bx	lr
 c100340:	0c100524 	.word	0x0c100524
 c100344:	0c100514 	.word	0x0c100514

0c100348 <segs_status>:

uint8 segs_status( void )
{
 c100348:	e1a0c00d 	mov	ip, sp
 c10034c:	e92dd800 	push	{fp, ip, lr, pc}
 c100350:	e24cb004 	sub	fp, ip, #4
    return state;
 c100354:	e59f3010 	ldr	r3, [pc, #16]	; c10036c <segs_status+0x24>
 c100358:	e5d33000 	ldrb	r3, [r3]
};
 c10035c:	e1a00003 	mov	r0, r3
 c100360:	e24bd00c 	sub	sp, fp, #12
 c100364:	e89d6800 	ldm	sp, {fp, sp, lr}
 c100368:	e12fff1e 	bx	lr
 c10036c:	0c100524 	.word	0x0c100524

0c100370 <port_init>:
#include <s3c44b0x.h>
#include "systemLab3.h"    

static void port_init( void )
{
 c100370:	e1a0c00d 	mov	ip, sp
 c100374:	e92dd800 	push	{fp, ip, lr, pc}
 c100378:	e24cb004 	sub	fp, ip, #4
    PDATA = ~0;
 c10037c:	e59f3100 	ldr	r3, [pc, #256]	; c100484 <port_init+0x114>
 c100380:	e3e02000 	mvn	r2, #0
 c100384:	e5832000 	str	r2, [r3]
    PCONA = 0xFE;
 c100388:	e59f30f8 	ldr	r3, [pc, #248]	; c100488 <port_init+0x118>
 c10038c:	e3a020fe 	mov	r2, #254	; 0xfe
 c100390:	e5832000 	str	r2, [r3]

    PDATB = ~0;
 c100394:	e59f30f0 	ldr	r3, [pc, #240]	; c10048c <port_init+0x11c>
 c100398:	e3e02000 	mvn	r2, #0
 c10039c:	e5832000 	str	r2, [r3]
    PCONB = 0x14F;
 c1003a0:	e59f30e8 	ldr	r3, [pc, #232]	; c100490 <port_init+0x120>
 c1003a4:	e59f20e8 	ldr	r2, [pc, #232]	; c100494 <port_init+0x124>
 c1003a8:	e5832000 	str	r2, [r3]

    PDATC = ~0;
 c1003ac:	e59f30e4 	ldr	r3, [pc, #228]	; c100498 <port_init+0x128>
 c1003b0:	e3e02000 	mvn	r2, #0
 c1003b4:	e5832000 	str	r2, [r3]
    PCONC = 0x5FF555FF;
 c1003b8:	e59f30dc 	ldr	r3, [pc, #220]	; c10049c <port_init+0x12c>
 c1003bc:	e59f20dc 	ldr	r2, [pc, #220]	; c1004a0 <port_init+0x130>
 c1003c0:	e5832000 	str	r2, [r3]
    PUPC  = 0x94FB;
 c1003c4:	e59f30d8 	ldr	r3, [pc, #216]	; c1004a4 <port_init+0x134>
 c1003c8:	e59f20d8 	ldr	r2, [pc, #216]	; c1004a8 <port_init+0x138>
 c1003cc:	e5832000 	str	r2, [r3]

    PDATD = ~0;
 c1003d0:	e59f30d4 	ldr	r3, [pc, #212]	; c1004ac <port_init+0x13c>
 c1003d4:	e3e02000 	mvn	r2, #0
 c1003d8:	e5832000 	str	r2, [r3]
    PCOND = 0xAAAA;
 c1003dc:	e59f30cc 	ldr	r3, [pc, #204]	; c1004b0 <port_init+0x140>
 c1003e0:	e59f20cc 	ldr	r2, [pc, #204]	; c1004b4 <port_init+0x144>
 c1003e4:	e5832000 	str	r2, [r3]
    PUPD  = 0xFF;
 c1003e8:	e59f30c8 	ldr	r3, [pc, #200]	; c1004b8 <port_init+0x148>
 c1003ec:	e3a020ff 	mov	r2, #255	; 0xff
 c1003f0:	e5832000 	str	r2, [r3]
    
    PDATE = ~0;
 c1003f4:	e59f30c0 	ldr	r3, [pc, #192]	; c1004bc <port_init+0x14c>
 c1003f8:	e3e02000 	mvn	r2, #0
 c1003fc:	e5832000 	str	r2, [r3]
    PCONE = 0x255A9;
 c100400:	e59f30b8 	ldr	r3, [pc, #184]	; c1004c0 <port_init+0x150>
 c100404:	e59f20b8 	ldr	r2, [pc, #184]	; c1004c4 <port_init+0x154>
 c100408:	e5832000 	str	r2, [r3]
    PUPE  = 0xFB;
 c10040c:	e59f30b4 	ldr	r3, [pc, #180]	; c1004c8 <port_init+0x158>
 c100410:	e3a020fb 	mov	r2, #251	; 0xfb
 c100414:	e5832000 	str	r2, [r3]

    PDATF = ~0;
 c100418:	e59f30ac 	ldr	r3, [pc, #172]	; c1004cc <port_init+0x15c>
 c10041c:	e3e02000 	mvn	r2, #0
 c100420:	e5832000 	str	r2, [r3]
    PCONF = 0x251A;
 c100424:	e59f30a4 	ldr	r3, [pc, #164]	; c1004d0 <port_init+0x160>
 c100428:	e59f20a4 	ldr	r2, [pc, #164]	; c1004d4 <port_init+0x164>
 c10042c:	e5832000 	str	r2, [r3]
    PUPF  = 0x74;
 c100430:	e59f30a0 	ldr	r3, [pc, #160]	; c1004d8 <port_init+0x168>
 c100434:	e3a02074 	mov	r2, #116	; 0x74
 c100438:	e5832000 	str	r2, [r3]
    
    PDATG = ~0;
 c10043c:	e59f3098 	ldr	r3, [pc, #152]	; c1004dc <port_init+0x16c>
 c100440:	e3e02000 	mvn	r2, #0
 c100444:	e5832000 	str	r2, [r3]
    PCONG = 0xF5FF;
 c100448:	e59f3090 	ldr	r3, [pc, #144]	; c1004e0 <port_init+0x170>
 c10044c:	e59f2090 	ldr	r2, [pc, #144]	; c1004e4 <port_init+0x174>
 c100450:	e5832000 	str	r2, [r3]
    PUPG  = 0x30;
 c100454:	e59f308c 	ldr	r3, [pc, #140]	; c1004e8 <port_init+0x178>
 c100458:	e3a02030 	mov	r2, #48	; 0x30
 c10045c:	e5832000 	str	r2, [r3]

    SPUCR = 0x7;
 c100460:	e59f3084 	ldr	r3, [pc, #132]	; c1004ec <port_init+0x17c>
 c100464:	e3a02007 	mov	r2, #7
 c100468:	e5832000 	str	r2, [r3]
    
    EXTINT = 0x22000220;
 c10046c:	e59f307c 	ldr	r3, [pc, #124]	; c1004f0 <port_init+0x180>
 c100470:	e59f207c 	ldr	r2, [pc, #124]	; c1004f4 <port_init+0x184>
 c100474:	e5832000 	str	r2, [r3]
}
 c100478:	e24bd00c 	sub	sp, fp, #12
 c10047c:	e89d6800 	ldm	sp, {fp, sp, lr}
 c100480:	e12fff1e 	bx	lr
 c100484:	01d20004 	.word	0x01d20004
 c100488:	01d20000 	.word	0x01d20000
 c10048c:	01d2000c 	.word	0x01d2000c
 c100490:	01d20008 	.word	0x01d20008
 c100494:	0000014f 	.word	0x0000014f
 c100498:	01d20014 	.word	0x01d20014
 c10049c:	01d20010 	.word	0x01d20010
 c1004a0:	5ff555ff 	.word	0x5ff555ff
 c1004a4:	01d20018 	.word	0x01d20018
 c1004a8:	000094fb 	.word	0x000094fb
 c1004ac:	01d20020 	.word	0x01d20020
 c1004b0:	01d2001c 	.word	0x01d2001c
 c1004b4:	0000aaaa 	.word	0x0000aaaa
 c1004b8:	01d20024 	.word	0x01d20024
 c1004bc:	01d2002c 	.word	0x01d2002c
 c1004c0:	01d20028 	.word	0x01d20028
 c1004c4:	000255a9 	.word	0x000255a9
 c1004c8:	01d20030 	.word	0x01d20030
 c1004cc:	01d20038 	.word	0x01d20038
 c1004d0:	01d20034 	.word	0x01d20034
 c1004d4:	0000251a 	.word	0x0000251a
 c1004d8:	01d2003c 	.word	0x01d2003c
 c1004dc:	01d20044 	.word	0x01d20044
 c1004e0:	01d20040 	.word	0x01d20040
 c1004e4:	0000f5ff 	.word	0x0000f5ff
 c1004e8:	01d20048 	.word	0x01d20048
 c1004ec:	01d2004c 	.word	0x01d2004c
 c1004f0:	01d20050 	.word	0x01d20050
 c1004f4:	22000220 	.word	0x22000220

0c1004f8 <sys_init>:

void sys_init( void )
{
 c1004f8:	e1a0c00d 	mov	ip, sp
 c1004fc:	e92dd800 	push	{fp, ip, lr, pc}
 c100500:	e24cb004 	sub	fp, ip, #4
    port_init();    
 c100504:	ebffff99 	bl	c100370 <port_init>
}
 c100508:	e24bd00c 	sub	sp, fp, #12
 c10050c:	e89d6800 	ldm	sp, {fp, sp, lr}
 c100510:	e12fff1e 	bx	lr
